2020-06-20 12:37:28,785 INFO  [log] null
2020-06-20 12:37:29,221 INFO  [log] HTTP status code: 200
2020-06-20 12:37:30,701 INFO  [log] HTTP status code: 200
2020-06-20 12:37:31,819 INFO  [log] 1457
2020-06-20 12:37:51,163 INFO  [log] Updated Successfully
2020-06-20 12:37:51,167 INFO  [log] Updated Successfully
2020-06-20 12:37:51,169 INFO  [log] Updated Successfully
2020-06-20 12:37:51,170 INFO  [log] Updated Successfully
2020-06-20 12:37:51,171 INFO  [log] Updated Successfully
2020-06-20 12:37:51,172 INFO  [log] Updated Successfully
2020-06-20 12:37:51,173 INFO  [log] Updated Successfully
2020-06-20 12:37:51,174 INFO  [log] Update unsuccessful
2020-06-20 12:37:51,174 INFO  [log] Update unsuccessful
2020-06-20 12:37:51,174 INFO  [log] Update unsuccessful
2020-06-20 12:37:51,176 INFO  [log] Update unsuccessful
2020-06-20 12:37:51,176 INFO  [log] Update unsuccessful
2020-06-20 12:37:51,177 INFO  [log] Update unsuccessful
2020-06-20 12:37:51,178 INFO  [log] Update unsuccessful
2020-06-20 12:37:51,178 INFO  [log] Update unsuccessful
2020-06-20 12:37:51,178 INFO  [log] Update unsuccessful
2020-06-20 12:37:51,179 INFO  [log] Updated Successfully
2020-06-20 12:37:51,179 INFO  [log] Updated Successfully
2020-06-20 12:37:51,180 INFO  [log] Updated Successfully
2020-06-20 12:37:51,180 INFO  [log] Updated Successfully
2020-06-20 12:37:51,181 INFO  [log] Update unsuccessful
2020-06-20 12:37:51,182 INFO  [log] Update unsuccessful
2020-06-20 12:37:51,182 INFO  [log] Update unsuccessful
2020-06-20 12:37:51,182 INFO  [log] Update unsuccessful
2020-06-20 12:37:51,182 INFO  [log] Update unsuccessful
2020-06-20 12:37:51,183 INFO  [log] Update unsuccessful
2020-06-20 12:37:51,183 INFO  [log] Update unsuccessful
2020-06-20 12:37:51,183 INFO  [log] Update unsuccessful
2020-06-20 12:37:51,184 INFO  [log] Update unsuccessful
2020-06-20 12:37:51,185 INFO  [log] Update unsuccessful
2020-06-20 12:37:51,186 INFO  [log] Update unsuccessful
2020-06-20 12:37:51,186 INFO  [log] Update unsuccessful
2020-06-20 12:37:51,188 INFO  [log] Update unsuccessful
2020-06-20 12:37:51,188 INFO  [log] Update unsuccessful
2020-06-20 12:37:51,189 INFO  [log] Update unsuccessful
2020-06-20 12:37:51,189 INFO  [log] Update unsuccessful
2020-06-20 12:37:51,191 INFO  [log] Update unsuccessful
2020-06-20 12:37:51,191 INFO  [log] Update unsuccessful
2020-06-20 12:37:51,193 INFO  [log] Update unsuccessful
2020-06-20 12:37:51,193 INFO  [log] Update unsuccessful
2020-06-20 12:37:51,193 INFO  [log] Update unsuccessful
2020-06-20 12:37:51,194 INFO  [log] Update unsuccessful
2020-06-20 12:37:51,194 INFO  [log] Update unsuccessful
2020-06-20 12:37:51,194 INFO  [log] Update unsuccessful
2020-06-20 12:37:51,195 INFO  [log] Update unsuccessful
2020-06-20 12:37:51,195 INFO  [log] Update unsuccessful
2020-06-20 12:37:51,196 INFO  [log] Update unsuccessful
2020-06-20 12:37:51,196 INFO  [log] Update unsuccessful
2020-06-20 12:37:51,196 INFO  [log] Updated Successfully
2020-06-20 12:37:51,197 INFO  [log] Updated Successfully
2020-06-20 12:37:51,197 INFO  [log] Updated Successfully
2020-06-20 12:37:51,198 INFO  [log] Update unsuccessful
2020-06-20 12:37:51,198 INFO  [log] Update unsuccessful
2020-06-20 12:37:51,198 INFO  [log] Update unsuccessful
2020-06-20 12:37:51,199 INFO  [log] Update unsuccessful
2020-06-20 12:37:51,199 INFO  [log] Update unsuccessful
2020-06-20 12:37:51,199 INFO  [log] Update unsuccessful
2020-06-20 12:37:51,199 INFO  [log] Update unsuccessful
2020-06-20 12:37:51,200 INFO  [log] Update unsuccessful
2020-06-20 12:37:51,200 INFO  [log] Update unsuccessful
2020-06-20 12:37:51,201 INFO  [log] Update unsuccessful
2020-06-20 12:37:51,201 INFO  [log] Update unsuccessful
2020-06-20 12:37:51,202 INFO  [log] Update unsuccessful
2020-06-20 12:37:51,203 INFO  [log] Update unsuccessful
2020-06-20 12:37:51,203 INFO  [log] Update unsuccessful
2020-06-20 12:37:51,203 INFO  [log] Update unsuccessful
2020-06-20 12:37:51,203 INFO  [log] Update unsuccessful
2020-06-20 12:37:51,203 INFO  [log] Update unsuccessful
2020-06-20 12:37:51,203 INFO  [log] Update unsuccessful
2020-06-20 12:37:51,204 INFO  [log] Update unsuccessful
2020-06-20 12:37:51,204 INFO  [log] Update unsuccessful
2020-06-20 12:37:51,205 INFO  [log] Update unsuccessful
2020-06-20 12:37:51,205 INFO  [log] Updated Successfully
2020-06-20 12:37:51,206 INFO  [log] Updated Successfully
2020-06-20 12:37:51,207 INFO  [log] Updated Successfully
2020-06-20 12:37:51,207 INFO  [log] Updated Successfully
2020-06-20 12:37:51,208 INFO  [log] Updated Successfully
2020-06-20 12:37:51,208 INFO  [log] Updated Successfully
2020-06-20 12:37:51,209 INFO  [log] Updated Successfully
2020-06-20 12:37:51,210 INFO  [log] Updated Successfully
2020-06-20 12:37:51,211 INFO  [log] Updated Successfully
2020-06-20 12:37:51,211 INFO  [log] Updated Successfully
2020-06-20 12:37:51,211 INFO  [log] Updated Successfully
2020-06-20 12:37:51,212 INFO  [log] Updated Successfully
2020-06-20 12:37:51,213 INFO  [log] Updated Successfully
2020-06-20 12:37:51,213 INFO  [log] Updated Successfully
2020-06-20 12:37:51,214 INFO  [log] Updated Successfully
2020-06-20 12:37:51,214 INFO  [log] Updated Successfully
2020-06-20 12:37:51,215 INFO  [log] Updated Successfully
2020-06-20 12:37:51,216 INFO  [log] Updated Successfully
2020-06-20 12:37:51,216 INFO  [log] Updated Successfully
2020-06-20 12:37:51,217 INFO  [log] Updated Successfully
2020-06-20 12:37:51,217 INFO  [log] Updated Successfully
2020-06-20 12:37:51,218 INFO  [log] Updated Successfully
2020-06-20 12:37:51,219 INFO  [log] Updated Successfully
2020-06-20 12:37:51,219 INFO  [log] Update unsuccessful
2020-06-20 12:37:51,220 INFO  [log] Update unsuccessful
2020-06-20 12:37:51,220 INFO  [log] Update unsuccessful
2020-06-20 12:37:51,221 INFO  [log] Update unsuccessful
2020-06-20 12:37:51,221 INFO  [log] Update unsuccessful
2020-06-20 12:37:51,647 INFO  [log] 1457
2020-06-20 12:38:19,819 INFO  [log]  Total number of rows 3
2020-06-20 12:38:19,819 INFO  [log]  Total number of columns 2
2020-06-20 12:38:19,839 INFO  [log] lenovo 1400
2020-06-20 12:38:19,841 INFO  [log] 200
2020-06-20 12:38:25,035 INFO  [log] Status : FAILED, time taken for testcase is 5079 ms
2020-06-20 12:38:25,056 INFO  [log] number of tets steps executed are : 1
2020-06-20 12:38:25,068 INFO  [log] lenovo 1500
2020-06-20 12:38:25,069 INFO  [log] 300
2020-06-20 12:38:27,365 INFO  [log] 1458
2020-06-20 12:38:29,118 INFO  [log] Status : FINISHED, time taken for testcase is 3449 ms
2020-06-20 12:38:29,148 INFO  [log] number of tets steps executed are : 5
2020-06-20 12:38:29,155 INFO  [log] 6
2020-06-20 12:38:29,739 INFO  [log] 1459
2020-06-20 12:40:12,125 INFO  [log] HTTP status code: 200
