2020-06-20 12:35:21,597 WARN  [SoapUI] Missing folder [C:\Users\SumaLavanyaPothuraju\Desktop\Project\my-app\ext] for external libraries
2020-06-20 12:35:22,202 INFO  [DefaultSoapUICore] initialized soapui-settings from [C:\Users\SumaLavanyaPothuraju\soapui-settings.xml]
2020-06-20 12:37:20,686 INFO  [PluginManager] Adding plugin from [C:\Users\SumaLavanyaPothuraju\.soapuios\plugins\ready-mqtt-plugin-dist.jar]
2020-06-20 12:37:20,686 INFO  [PluginManager] Adding plugin from [C:\Users\SumaLavanyaPothuraju\.soapuios\plugins\soapui-swagger-plugin-2.2-dist.jar]
2020-06-20 12:37:22,159 ERROR [SoapUI] An error occurred [com.eviware.soapui.plugins.auto.factories.AutoDiscoveryMethodFactory], see error log for details
2020-06-20 12:37:22,162 ERROR [errorlog] java.lang.ClassNotFoundException: com.eviware.soapui.plugins.auto.factories.AutoDiscoveryMethodFactory
java.lang.ClassNotFoundException: com.eviware.soapui.plugins.auto.factories.AutoDiscoveryMethodFactory
	at org.codehaus.plexus.classworlds.strategy.SelfFirstStrategy.loadClass(SelfFirstStrategy.java:50)
	at org.codehaus.plexus.classworlds.realm.ClassRealm.unsynchronizedLoadClass(ClassRealm.java:271)
	at org.codehaus.plexus.classworlds.realm.ClassRealm.loadClass(ClassRealm.java:247)
	at org.codehaus.plexus.classworlds.realm.ClassRealm.loadClass(ClassRealm.java:239)
	at java.lang.Class.forName0(Native Method)
	at java.lang.Class.forName(Class.java:264)
	at com.eviware.soapui.plugins.LoaderBase.loadAutoFactories(LoaderBase.java:113)
	at com.eviware.soapui.plugins.LoaderBase.loadFactories(LoaderBase.java:80)
	at com.eviware.soapui.plugins.PluginLoader.loadPluginFactories(PluginLoader.java:141)
	at com.eviware.soapui.plugins.PluginLoader.loadPlugin(PluginLoader.java:104)
	at com.eviware.soapui.plugins.PluginLoader.loadPlugin(PluginLoader.java:54)
	at com.eviware.soapui.plugins.PluginManager.doInstallPlugin(PluginManager.java:141)
	at com.eviware.soapui.plugins.PluginManager.access$600(PluginManager.java:43)
	at com.eviware.soapui.plugins.PluginManager$LoadPluginsTask.computeSequentially(PluginManager.java:420)
	at com.eviware.soapui.plugins.PluginManager$LoadPluginsTask.compute(PluginManager.java:377)
	at com.eviware.soapui.plugins.PluginManager$LoadPluginsTask.compute(PluginManager.java:382)
	at com.eviware.soapui.plugins.PluginManager$LoadPluginsTask.compute(PluginManager.java:365)
	at java.util.concurrent.RecursiveTask.exec(RecursiveTask.java:94)
	at java.util.concurrent.ForkJoinTask.doExec(ForkJoinTask.java:289)
	at java.util.concurrent.ForkJoinPool$WorkQueue.runTask(ForkJoinPool.java:1056)
	at java.util.concurrent.ForkJoinPool.runWorker(ForkJoinPool.java:1692)
	at java.util.concurrent.ForkJoinWorkerThread.run(ForkJoinWorkerThread.java:157)
2020-06-20 12:37:22,301 ERROR [SoapUI] An error occurred [com.eviware.soapui.plugins.auto.factories.AutoImportMethodFactory], see error log for details
2020-06-20 12:37:22,306 ERROR [errorlog] java.lang.ClassNotFoundException: com.eviware.soapui.plugins.auto.factories.AutoImportMethodFactory
java.lang.ClassNotFoundException: com.eviware.soapui.plugins.auto.factories.AutoImportMethodFactory
	at org.codehaus.plexus.classworlds.strategy.SelfFirstStrategy.loadClass(SelfFirstStrategy.java:50)
	at org.codehaus.plexus.classworlds.realm.ClassRealm.unsynchronizedLoadClass(ClassRealm.java:271)
	at org.codehaus.plexus.classworlds.realm.ClassRealm.loadClass(ClassRealm.java:247)
	at org.codehaus.plexus.classworlds.realm.ClassRealm.loadClass(ClassRealm.java:239)
	at java.lang.Class.forName0(Native Method)
	at java.lang.Class.forName(Class.java:264)
	at com.eviware.soapui.plugins.LoaderBase.loadAutoFactories(LoaderBase.java:113)
	at com.eviware.soapui.plugins.LoaderBase.loadFactories(LoaderBase.java:80)
	at com.eviware.soapui.plugins.PluginLoader.loadPluginFactories(PluginLoader.java:141)
	at com.eviware.soapui.plugins.PluginLoader.loadPlugin(PluginLoader.java:104)
	at com.eviware.soapui.plugins.PluginLoader.loadPlugin(PluginLoader.java:54)
	at com.eviware.soapui.plugins.PluginManager.doInstallPlugin(PluginManager.java:141)
	at com.eviware.soapui.plugins.PluginManager.access$600(PluginManager.java:43)
	at com.eviware.soapui.plugins.PluginManager$LoadPluginsTask.computeSequentially(PluginManager.java:420)
	at com.eviware.soapui.plugins.PluginManager$LoadPluginsTask.compute(PluginManager.java:377)
	at com.eviware.soapui.plugins.PluginManager$LoadPluginsTask.compute(PluginManager.java:382)
	at com.eviware.soapui.plugins.PluginManager$LoadPluginsTask.compute(PluginManager.java:365)
	at java.util.concurrent.RecursiveTask.exec(RecursiveTask.java:94)
	at java.util.concurrent.ForkJoinTask.doExec(ForkJoinTask.java:289)
	at java.util.concurrent.ForkJoinPool$WorkQueue.runTask(ForkJoinPool.java:1056)
	at java.util.concurrent.ForkJoinPool.runWorker(ForkJoinPool.java:1692)
	at java.util.concurrent.ForkJoinWorkerThread.run(ForkJoinWorkerThread.java:157)
2020-06-20 12:37:22,387 ERROR [SoapUI] An error occurred [com.eviware.soapui.plugins.auto.factories.AutoDiscoveryMethodFactory], see error log for details
2020-06-20 12:37:22,389 ERROR [errorlog] java.lang.ClassNotFoundException: com.eviware.soapui.plugins.auto.factories.AutoDiscoveryMethodFactory
java.lang.ClassNotFoundException: com.eviware.soapui.plugins.auto.factories.AutoDiscoveryMethodFactory
	at org.codehaus.plexus.classworlds.strategy.SelfFirstStrategy.loadClass(SelfFirstStrategy.java:50)
	at org.codehaus.plexus.classworlds.realm.ClassRealm.unsynchronizedLoadClass(ClassRealm.java:271)
	at org.codehaus.plexus.classworlds.realm.ClassRealm.loadClass(ClassRealm.java:247)
	at org.codehaus.plexus.classworlds.realm.ClassRealm.loadClass(ClassRealm.java:239)
	at java.lang.Class.forName0(Native Method)
	at java.lang.Class.forName(Class.java:264)
	at com.eviware.soapui.plugins.LoaderBase.loadAutoFactories(LoaderBase.java:113)
	at com.eviware.soapui.plugins.LoaderBase.loadFactories(LoaderBase.java:80)
	at com.eviware.soapui.plugins.PluginLoader.loadPluginFactories(PluginLoader.java:141)
	at com.eviware.soapui.plugins.PluginLoader.loadPlugin(PluginLoader.java:104)
	at com.eviware.soapui.plugins.PluginLoader.loadPlugin(PluginLoader.java:54)
	at com.eviware.soapui.plugins.PluginManager.doInstallPlugin(PluginManager.java:141)
	at com.eviware.soapui.plugins.PluginManager.access$600(PluginManager.java:43)
	at com.eviware.soapui.plugins.PluginManager$LoadPluginsTask.computeSequentially(PluginManager.java:420)
	at com.eviware.soapui.plugins.PluginManager$LoadPluginsTask.compute(PluginManager.java:377)
	at com.eviware.soapui.plugins.PluginManager$LoadPluginsTask.compute(PluginManager.java:365)
	at java.util.concurrent.RecursiveTask.exec(RecursiveTask.java:94)
	at java.util.concurrent.ForkJoinTask.doExec(ForkJoinTask.java:289)
	at java.util.concurrent.ForkJoinPool$WorkQueue.runTask(ForkJoinPool.java:1056)
	at java.util.concurrent.ForkJoinPool.runWorker(ForkJoinPool.java:1692)
	at java.util.concurrent.ForkJoinWorkerThread.run(ForkJoinWorkerThread.java:157)
2020-06-20 12:37:22,447 INFO  [PluginManager] Adding plugin from [C:\Users\SumaLavanyaPothuraju\.soapuios\plugins\ready-uxm-plugin-1.0.1-dist.jar]
2020-06-20 12:37:22,573 ERROR [SoapUI] An error occurred [com.eviware.soapui.plugins.auto.factories.AutoImportMethodFactory], see error log for details
2020-06-20 12:37:22,573 ERROR [errorlog] java.lang.ClassNotFoundException: com.eviware.soapui.plugins.auto.factories.AutoImportMethodFactory
java.lang.ClassNotFoundException: com.eviware.soapui.plugins.auto.factories.AutoImportMethodFactory
	at org.codehaus.plexus.classworlds.strategy.SelfFirstStrategy.loadClass(SelfFirstStrategy.java:50)
	at org.codehaus.plexus.classworlds.realm.ClassRealm.unsynchronizedLoadClass(ClassRealm.java:271)
	at org.codehaus.plexus.classworlds.realm.ClassRealm.loadClass(ClassRealm.java:247)
	at org.codehaus.plexus.classworlds.realm.ClassRealm.loadClass(ClassRealm.java:239)
	at java.lang.Class.forName0(Native Method)
	at java.lang.Class.forName(Class.java:264)
	at com.eviware.soapui.plugins.LoaderBase.loadAutoFactories(LoaderBase.java:113)
	at com.eviware.soapui.plugins.LoaderBase.loadFactories(LoaderBase.java:80)
	at com.eviware.soapui.plugins.PluginLoader.loadPluginFactories(PluginLoader.java:141)
	at com.eviware.soapui.plugins.PluginLoader.loadPlugin(PluginLoader.java:104)
	at com.eviware.soapui.plugins.PluginLoader.loadPlugin(PluginLoader.java:54)
	at com.eviware.soapui.plugins.PluginManager.doInstallPlugin(PluginManager.java:141)
	at com.eviware.soapui.plugins.PluginManager.access$600(PluginManager.java:43)
	at com.eviware.soapui.plugins.PluginManager$LoadPluginsTask.computeSequentially(PluginManager.java:420)
	at com.eviware.soapui.plugins.PluginManager$LoadPluginsTask.compute(PluginManager.java:377)
	at com.eviware.soapui.plugins.PluginManager$LoadPluginsTask.compute(PluginManager.java:365)
	at java.util.concurrent.RecursiveTask.exec(RecursiveTask.java:94)
	at java.util.concurrent.ForkJoinTask.doExec(ForkJoinTask.java:289)
	at java.util.concurrent.ForkJoinPool$WorkQueue.runTask(ForkJoinPool.java:1056)
	at java.util.concurrent.ForkJoinPool.runWorker(ForkJoinPool.java:1692)
	at java.util.concurrent.ForkJoinWorkerThread.run(ForkJoinWorkerThread.java:157)
2020-06-20 12:37:22,703 INFO  [PluginManager] Adding plugin from [C:\Users\SumaLavanyaPothuraju\.soapuios\plugins\readyapi-postman-1.0.1.jar]
2020-06-20 12:37:23,641 ERROR [SoapUI] An error occurred [com.eviware.soapui.plugins.auto.factories.AutoDiscoveryMethodFactory], see error log for details
2020-06-20 12:37:23,642 ERROR [errorlog] java.lang.ClassNotFoundException: com.eviware.soapui.plugins.auto.factories.AutoDiscoveryMethodFactory
java.lang.ClassNotFoundException: com.eviware.soapui.plugins.auto.factories.AutoDiscoveryMethodFactory
	at org.codehaus.plexus.classworlds.strategy.SelfFirstStrategy.loadClass(SelfFirstStrategy.java:50)
	at org.codehaus.plexus.classworlds.realm.ClassRealm.unsynchronizedLoadClass(ClassRealm.java:271)
	at org.codehaus.plexus.classworlds.realm.ClassRealm.loadClass(ClassRealm.java:247)
	at org.codehaus.plexus.classworlds.realm.ClassRealm.loadClass(ClassRealm.java:239)
	at java.lang.Class.forName0(Native Method)
	at java.lang.Class.forName(Class.java:264)
	at com.eviware.soapui.plugins.LoaderBase.loadAutoFactories(LoaderBase.java:113)
	at com.eviware.soapui.plugins.LoaderBase.loadFactories(LoaderBase.java:80)
	at com.eviware.soapui.plugins.PluginLoader.loadPluginFactories(PluginLoader.java:141)
	at com.eviware.soapui.plugins.PluginLoader.loadPlugin(PluginLoader.java:104)
	at com.eviware.soapui.plugins.PluginLoader.loadPlugin(PluginLoader.java:54)
	at com.eviware.soapui.plugins.PluginManager.doInstallPlugin(PluginManager.java:141)
	at com.eviware.soapui.plugins.PluginManager.access$600(PluginManager.java:43)
	at com.eviware.soapui.plugins.PluginManager$LoadPluginsTask.computeSequentially(PluginManager.java:420)
	at com.eviware.soapui.plugins.PluginManager$LoadPluginsTask.compute(PluginManager.java:377)
	at com.eviware.soapui.plugins.PluginManager$LoadPluginsTask.compute(PluginManager.java:365)
	at java.util.concurrent.RecursiveTask.exec(RecursiveTask.java:94)
	at java.util.concurrent.ForkJoinTask.doExec(ForkJoinTask.java:289)
	at java.util.concurrent.ForkJoinPool$WorkQueue.runTask(ForkJoinPool.java:1056)
	at java.util.concurrent.ForkJoinPool.runWorker(ForkJoinPool.java:1692)
	at java.util.concurrent.ForkJoinWorkerThread.run(ForkJoinWorkerThread.java:157)
2020-06-20 12:37:23,723 ERROR [SoapUI] An error occurred [com.eviware.soapui.plugins.auto.factories.AutoDiscoveryMethodFactory], see error log for details
2020-06-20 12:37:23,723 ERROR [errorlog] java.lang.ClassNotFoundException: com.eviware.soapui.plugins.auto.factories.AutoDiscoveryMethodFactory
java.lang.ClassNotFoundException: com.eviware.soapui.plugins.auto.factories.AutoDiscoveryMethodFactory
	at org.codehaus.plexus.classworlds.strategy.SelfFirstStrategy.loadClass(SelfFirstStrategy.java:50)
	at org.codehaus.plexus.classworlds.realm.ClassRealm.unsynchronizedLoadClass(ClassRealm.java:271)
	at org.codehaus.plexus.classworlds.realm.ClassRealm.loadClass(ClassRealm.java:247)
	at org.codehaus.plexus.classworlds.realm.ClassRealm.loadClass(ClassRealm.java:239)
	at java.lang.Class.forName0(Native Method)
	at java.lang.Class.forName(Class.java:264)
	at com.eviware.soapui.plugins.LoaderBase.loadAutoFactories(LoaderBase.java:113)
	at com.eviware.soapui.plugins.LoaderBase.loadFactories(LoaderBase.java:80)
	at com.eviware.soapui.plugins.PluginLoader.loadPluginFactories(PluginLoader.java:141)
	at com.eviware.soapui.plugins.PluginLoader.loadPlugin(PluginLoader.java:104)
	at com.eviware.soapui.plugins.PluginLoader.loadPlugin(PluginLoader.java:54)
	at com.eviware.soapui.plugins.PluginManager.doInstallPlugin(PluginManager.java:141)
	at com.eviware.soapui.plugins.PluginManager.access$600(PluginManager.java:43)
	at com.eviware.soapui.plugins.PluginManager$LoadPluginsTask.computeSequentially(PluginManager.java:420)
	at com.eviware.soapui.plugins.PluginManager$LoadPluginsTask.compute(PluginManager.java:377)
	at com.eviware.soapui.plugins.PluginManager$LoadPluginsTask.compute(PluginManager.java:382)
	at com.eviware.soapui.plugins.PluginManager$LoadPluginsTask.compute(PluginManager.java:365)
	at java.util.concurrent.RecursiveTask.exec(RecursiveTask.java:94)
	at java.util.concurrent.ForkJoinTask.doExec(ForkJoinTask.java:289)
	at java.util.concurrent.ForkJoinPool$WorkQueue.runTask(ForkJoinPool.java:1056)
	at java.util.concurrent.ForkJoinPool.runWorker(ForkJoinPool.java:1692)
	at java.util.concurrent.ForkJoinWorkerThread.run(ForkJoinWorkerThread.java:157)
2020-06-20 12:37:23,768 ERROR [SoapUI] An error occurred [com.eviware.soapui.plugins.auto.factories.AutoImportMethodFactory], see error log for details
2020-06-20 12:37:23,768 ERROR [errorlog] java.lang.ClassNotFoundException: com.eviware.soapui.plugins.auto.factories.AutoImportMethodFactory
java.lang.ClassNotFoundException: com.eviware.soapui.plugins.auto.factories.AutoImportMethodFactory
	at org.codehaus.plexus.classworlds.strategy.SelfFirstStrategy.loadClass(SelfFirstStrategy.java:50)
	at org.codehaus.plexus.classworlds.realm.ClassRealm.unsynchronizedLoadClass(ClassRealm.java:271)
	at org.codehaus.plexus.classworlds.realm.ClassRealm.loadClass(ClassRealm.java:247)
	at org.codehaus.plexus.classworlds.realm.ClassRealm.loadClass(ClassRealm.java:239)
	at java.lang.Class.forName0(Native Method)
	at java.lang.Class.forName(Class.java:264)
	at com.eviware.soapui.plugins.LoaderBase.loadAutoFactories(LoaderBase.java:113)
	at com.eviware.soapui.plugins.LoaderBase.loadFactories(LoaderBase.java:80)
	at com.eviware.soapui.plugins.PluginLoader.loadPluginFactories(PluginLoader.java:141)
	at com.eviware.soapui.plugins.PluginLoader.loadPlugin(PluginLoader.java:104)
	at com.eviware.soapui.plugins.PluginLoader.loadPlugin(PluginLoader.java:54)
	at com.eviware.soapui.plugins.PluginManager.doInstallPlugin(PluginManager.java:141)
	at com.eviware.soapui.plugins.PluginManager.access$600(PluginManager.java:43)
	at com.eviware.soapui.plugins.PluginManager$LoadPluginsTask.computeSequentially(PluginManager.java:420)
	at com.eviware.soapui.plugins.PluginManager$LoadPluginsTask.compute(PluginManager.java:377)
	at com.eviware.soapui.plugins.PluginManager$LoadPluginsTask.compute(PluginManager.java:365)
	at java.util.concurrent.RecursiveTask.exec(RecursiveTask.java:94)
	at java.util.concurrent.ForkJoinTask.doExec(ForkJoinTask.java:289)
	at java.util.concurrent.ForkJoinPool$WorkQueue.runTask(ForkJoinPool.java:1056)
	at java.util.concurrent.ForkJoinPool.runWorker(ForkJoinPool.java:1692)
	at java.util.concurrent.ForkJoinWorkerThread.run(ForkJoinWorkerThread.java:157)
2020-06-20 12:37:23,869 ERROR [SoapUI] An error occurred [com.eviware.soapui.plugins.auto.factories.AutoImportMethodFactory], see error log for details
2020-06-20 12:37:23,871 ERROR [errorlog] java.lang.ClassNotFoundException: com.eviware.soapui.plugins.auto.factories.AutoImportMethodFactory
java.lang.ClassNotFoundException: com.eviware.soapui.plugins.auto.factories.AutoImportMethodFactory
	at org.codehaus.plexus.classworlds.strategy.SelfFirstStrategy.loadClass(SelfFirstStrategy.java:50)
	at org.codehaus.plexus.classworlds.realm.ClassRealm.unsynchronizedLoadClass(ClassRealm.java:271)
	at org.codehaus.plexus.classworlds.realm.ClassRealm.loadClass(ClassRealm.java:247)
	at org.codehaus.plexus.classworlds.realm.ClassRealm.loadClass(ClassRealm.java:239)
	at java.lang.Class.forName0(Native Method)
	at java.lang.Class.forName(Class.java:264)
	at com.eviware.soapui.plugins.LoaderBase.loadAutoFactories(LoaderBase.java:113)
	at com.eviware.soapui.plugins.LoaderBase.loadFactories(LoaderBase.java:80)
	at com.eviware.soapui.plugins.PluginLoader.loadPluginFactories(PluginLoader.java:141)
	at com.eviware.soapui.plugins.PluginLoader.loadPlugin(PluginLoader.java:104)
	at com.eviware.soapui.plugins.PluginLoader.loadPlugin(PluginLoader.java:54)
	at com.eviware.soapui.plugins.PluginManager.doInstallPlugin(PluginManager.java:141)
	at com.eviware.soapui.plugins.PluginManager.access$600(PluginManager.java:43)
	at com.eviware.soapui.plugins.PluginManager$LoadPluginsTask.computeSequentially(PluginManager.java:420)
	at com.eviware.soapui.plugins.PluginManager$LoadPluginsTask.compute(PluginManager.java:377)
	at com.eviware.soapui.plugins.PluginManager$LoadPluginsTask.compute(PluginManager.java:382)
	at com.eviware.soapui.plugins.PluginManager$LoadPluginsTask.compute(PluginManager.java:365)
	at java.util.concurrent.RecursiveTask.exec(RecursiveTask.java:94)
	at java.util.concurrent.ForkJoinTask.doExec(ForkJoinTask.java:289)
	at java.util.concurrent.ForkJoinPool$WorkQueue.runTask(ForkJoinPool.java:1056)
	at java.util.concurrent.ForkJoinPool.runWorker(ForkJoinPool.java:1692)
	at java.util.concurrent.ForkJoinWorkerThread.run(ForkJoinWorkerThread.java:157)
2020-06-20 12:37:24,091 INFO  [PluginManager] Adding plugin from [C:\Users\SumaLavanyaPothuraju\.soapuios\plugins\readyapi-swaggerhub-plugin-1.0.jar]
2020-06-20 12:37:24,721 ERROR [SoapUI] An error occurred [com.eviware.soapui.plugins.auto.factories.AutoDiscoveryMethodFactory], see error log for details
2020-06-20 12:37:24,721 ERROR [errorlog] java.lang.ClassNotFoundException: com.eviware.soapui.plugins.auto.factories.AutoDiscoveryMethodFactory
java.lang.ClassNotFoundException: com.eviware.soapui.plugins.auto.factories.AutoDiscoveryMethodFactory
	at org.codehaus.plexus.classworlds.strategy.SelfFirstStrategy.loadClass(SelfFirstStrategy.java:50)
	at org.codehaus.plexus.classworlds.realm.ClassRealm.unsynchronizedLoadClass(ClassRealm.java:271)
	at org.codehaus.plexus.classworlds.realm.ClassRealm.loadClass(ClassRealm.java:247)
	at org.codehaus.plexus.classworlds.realm.ClassRealm.loadClass(ClassRealm.java:239)
	at java.lang.Class.forName0(Native Method)
	at java.lang.Class.forName(Class.java:264)
	at com.eviware.soapui.plugins.LoaderBase.loadAutoFactories(LoaderBase.java:113)
	at com.eviware.soapui.plugins.LoaderBase.loadFactories(LoaderBase.java:80)
	at com.eviware.soapui.plugins.PluginLoader.loadPluginFactories(PluginLoader.java:141)
	at com.eviware.soapui.plugins.PluginLoader.loadPlugin(PluginLoader.java:104)
	at com.eviware.soapui.plugins.PluginLoader.loadPlugin(PluginLoader.java:54)
	at com.eviware.soapui.plugins.PluginManager.doInstallPlugin(PluginManager.java:141)
	at com.eviware.soapui.plugins.PluginManager.access$600(PluginManager.java:43)
	at com.eviware.soapui.plugins.PluginManager$LoadPluginsTask.computeSequentially(PluginManager.java:420)
	at com.eviware.soapui.plugins.PluginManager$LoadPluginsTask.compute(PluginManager.java:377)
	at com.eviware.soapui.plugins.PluginManager$LoadPluginsTask.compute(PluginManager.java:382)
	at com.eviware.soapui.plugins.PluginManager$LoadPluginsTask.compute(PluginManager.java:365)
	at java.util.concurrent.RecursiveTask.exec(RecursiveTask.java:94)
	at java.util.concurrent.ForkJoinTask.doExec(ForkJoinTask.java:289)
	at java.util.concurrent.ForkJoinPool$WorkQueue.runTask(ForkJoinPool.java:1056)
	at java.util.concurrent.ForkJoinPool.runWorker(ForkJoinPool.java:1692)
	at java.util.concurrent.ForkJoinWorkerThread.run(ForkJoinWorkerThread.java:157)
2020-06-20 12:37:24,774 ERROR [SoapUI] An error occurred [com.eviware.soapui.plugins.auto.factories.AutoImportMethodFactory], see error log for details
2020-06-20 12:37:24,774 ERROR [errorlog] java.lang.ClassNotFoundException: com.eviware.soapui.plugins.auto.factories.AutoImportMethodFactory
java.lang.ClassNotFoundException: com.eviware.soapui.plugins.auto.factories.AutoImportMethodFactory
	at org.codehaus.plexus.classworlds.strategy.SelfFirstStrategy.loadClass(SelfFirstStrategy.java:50)
	at org.codehaus.plexus.classworlds.realm.ClassRealm.unsynchronizedLoadClass(ClassRealm.java:271)
	at org.codehaus.plexus.classworlds.realm.ClassRealm.loadClass(ClassRealm.java:247)
	at org.codehaus.plexus.classworlds.realm.ClassRealm.loadClass(ClassRealm.java:239)
	at java.lang.Class.forName0(Native Method)
	at java.lang.Class.forName(Class.java:264)
	at com.eviware.soapui.plugins.LoaderBase.loadAutoFactories(LoaderBase.java:113)
	at com.eviware.soapui.plugins.LoaderBase.loadFactories(LoaderBase.java:80)
	at com.eviware.soapui.plugins.PluginLoader.loadPluginFactories(PluginLoader.java:141)
	at com.eviware.soapui.plugins.PluginLoader.loadPlugin(PluginLoader.java:104)
	at com.eviware.soapui.plugins.PluginLoader.loadPlugin(PluginLoader.java:54)
	at com.eviware.soapui.plugins.PluginManager.doInstallPlugin(PluginManager.java:141)
	at com.eviware.soapui.plugins.PluginManager.access$600(PluginManager.java:43)
	at com.eviware.soapui.plugins.PluginManager$LoadPluginsTask.computeSequentially(PluginManager.java:420)
	at com.eviware.soapui.plugins.PluginManager$LoadPluginsTask.compute(PluginManager.java:377)
	at com.eviware.soapui.plugins.PluginManager$LoadPluginsTask.compute(PluginManager.java:382)
	at com.eviware.soapui.plugins.PluginManager$LoadPluginsTask.compute(PluginManager.java:365)
	at java.util.concurrent.RecursiveTask.exec(RecursiveTask.java:94)
	at java.util.concurrent.ForkJoinTask.doExec(ForkJoinTask.java:289)
	at java.util.concurrent.ForkJoinPool$WorkQueue.runTask(ForkJoinPool.java:1056)
	at java.util.concurrent.ForkJoinPool.runWorker(ForkJoinPool.java:1692)
	at java.util.concurrent.ForkJoinWorkerThread.run(ForkJoinWorkerThread.java:157)
2020-06-20 12:37:24,832 INFO  [PluginManager] 5 plugins loaded in 4156 ms
2020-06-20 12:37:24,832 INFO  [DefaultSoapUICore] All plugins loaded
2020-06-20 12:37:26,440 INFO  [WsdlProject] Loaded project from [file:/C:/Users/SumaLavanyaPothuraju/Desktop/Project/my-app/REST-Project-soapui-project.xml]
2020-06-20 12:37:26,456 INFO  [SoapUITestCaseRunner] Running SoapUI tests in project [REST Project]
2020-06-20 12:37:26,460 INFO  [SoapUITestCaseRunner] Running Project [REST Project], runType = SEQUENTIAL
2020-06-20 12:37:26,497 INFO  [SoapUITestCaseRunner] Running SoapUI testcase [Token and Login]
2020-06-20 12:37:26,508 INFO  [SoapUITestCaseRunner] running step [Accesstoken]
2020-06-20 12:37:27,751 INFO  [SchemaUtils] Added default schema from file:/C:/Users/SumaLavanyaPothuraju/.m2/repository/com/smartbear/soapui/soapui/5.5.0/soapui-5.5.0.jar!/com/eviware/soapui/resources/xsds/xop.xsd with targetNamespace http://www.w3.org/2004/08/xop/include
2020-06-20 12:37:27,778 INFO  [SchemaUtils] Added default schema from file:/C:/Users/SumaLavanyaPothuraju/.m2/repository/com/smartbear/soapui/soapui/5.5.0/soapui-5.5.0.jar!/com/eviware/soapui/resources/xsds/XMLSchema.xsd with targetNamespace http://www.w3.org/2001/XMLSchema
2020-06-20 12:37:27,785 INFO  [SchemaUtils] Added default schema from file:/C:/Users/SumaLavanyaPothuraju/.m2/repository/com/smartbear/soapui/soapui/5.5.0/soapui-5.5.0.jar!/com/eviware/soapui/resources/xsds/xml.xsd with targetNamespace http://www.w3.org/XML/1998/namespace
2020-06-20 12:37:27,788 INFO  [SchemaUtils] Added default schema from file:/C:/Users/SumaLavanyaPothuraju/.m2/repository/com/smartbear/soapui/soapui/5.5.0/soapui-5.5.0.jar!/com/eviware/soapui/resources/xsds/swaref.xsd with targetNamespace http://ws-i.org/profiles/basic/1.1/xsd
2020-06-20 12:37:27,794 INFO  [SchemaUtils] Added default schema from file:/C:/Users/SumaLavanyaPothuraju/.m2/repository/com/smartbear/soapui/soapui/5.5.0/soapui-5.5.0.jar!/com/eviware/soapui/resources/xsds/xmime200505.xsd with targetNamespace http://www.w3.org/2005/05/xmlmime
2020-06-20 12:37:27,797 INFO  [SchemaUtils] Added default schema from file:/C:/Users/SumaLavanyaPothuraju/.m2/repository/com/smartbear/soapui/soapui/5.5.0/soapui-5.5.0.jar!/com/eviware/soapui/resources/xsds/xmime200411.xsd with targetNamespace http://www.w3.org/2004/11/xmlmime
2020-06-20 12:37:27,803 INFO  [SchemaUtils] Added default schema from file:/C:/Users/SumaLavanyaPothuraju/.m2/repository/com/smartbear/soapui/soapui/5.5.0/soapui-5.5.0.jar!/com/eviware/soapui/resources/xsds/soapEnvelope.xsd with targetNamespace http://schemas.xmlsoap.org/soap/envelope/
2020-06-20 12:37:27,809 INFO  [SchemaUtils] Added default schema from file:/C:/Users/SumaLavanyaPothuraju/.m2/repository/com/smartbear/soapui/soapui/5.5.0/soapui-5.5.0.jar!/com/eviware/soapui/resources/xsds/soapEncoding.xsd with targetNamespace http://schemas.xmlsoap.org/soap/encoding/
2020-06-20 12:37:27,814 INFO  [SchemaUtils] Added default schema from file:/C:/Users/SumaLavanyaPothuraju/.m2/repository/com/smartbear/soapui/soapui/5.5.0/soapui-5.5.0.jar!/com/eviware/soapui/resources/xsds/soapEnvelope12.xsd with targetNamespace http://www.w3.org/2003/05/soap-envelope
2020-06-20 12:37:27,818 INFO  [SchemaUtils] Added default schema from file:/C:/Users/SumaLavanyaPothuraju/.m2/repository/com/smartbear/soapui/soapui/5.5.0/soapui-5.5.0.jar!/com/eviware/soapui/resources/xsds/soapEncoding12.xsd with targetNamespace http://www.w3.org/2003/05/soap-encoding
2020-06-20 12:37:27,891 INFO  [SchemaUtils] Loading schema types from [http://rest-api.upskills.in.wadl]
2020-06-20 12:37:27,891 INFO  [SchemaUtils] Getting schema http://rest-api.upskills.in.wadl
2020-06-20 12:37:28,785 INFO  [log] null
2020-06-20 12:37:28,796 INFO  [SoapUITestCaseRunner] Assertion [Schema Compliance] has status VALID
2020-06-20 12:37:28,798 INFO  [SoapUITestCaseRunner] Assertion [Valid HTTP Status Codes] has status VALID
2020-06-20 12:37:28,798 INFO  [SoapUITestCaseRunner] Assertion [Script Assertion] has status VALID
2020-06-20 12:37:28,798 INFO  [SoapUITestCaseRunner] running step [AccessToken Status Verification]
2020-06-20 12:37:29,221 INFO  [log] HTTP status code: 200
2020-06-20 12:37:29,224 INFO  [SoapUITestCaseRunner] running step [Login]
2020-06-20 12:37:30,472 INFO  [SoapUITestCaseRunner] Assertion [Valid HTTP Status Codes] has status VALID
2020-06-20 12:37:30,598 INFO  [SoapUITestCaseRunner] Assertion [Script Assertion] has status VALID
2020-06-20 12:37:30,637 INFO  [SoapUITestCaseRunner] Assertion [JsonPath Match] has status VALID
2020-06-20 12:37:30,654 INFO  [SoapUITestCaseRunner] running step [Status Verification]
2020-06-20 12:37:30,701 INFO  [log] HTTP status code: 200
2020-06-20 12:37:30,713 INFO  [SoapUITestCaseRunner] Finished running SoapUI testcase [Token and Login], time taken: 1778ms, status: FINISHED
2020-06-20 12:37:30,717 INFO  [SoapUITestCaseRunner] Running SoapUI testcase [TC_024 Property Transfer_Expansion]
2020-06-20 12:37:30,719 INFO  [SoapUITestCaseRunner] running step [AddNewProduct]
2020-06-20 12:37:31,777 INFO  [SoapUITestCaseRunner] running step [ProductId]
2020-06-20 12:37:31,819 INFO  [log] 1457
2020-06-20 12:37:31,821 INFO  [SoapUITestCaseRunner] running step [GetAllProducts]
2020-06-20 12:37:51,023 INFO  [SoapUITestCaseRunner] running step [ProductQunatityLessThan10]
2020-06-20 12:37:51,163 INFO  [log] Updated Successfully
2020-06-20 12:37:51,167 INFO  [log] Updated Successfully
2020-06-20 12:37:51,169 INFO  [log] Updated Successfully
2020-06-20 12:37:51,170 INFO  [log] Updated Successfully
2020-06-20 12:37:51,171 INFO  [log] Updated Successfully
2020-06-20 12:37:51,172 INFO  [log] Updated Successfully
2020-06-20 12:37:51,173 INFO  [log] Updated Successfully
2020-06-20 12:37:51,174 INFO  [log] Update unsuccessful
2020-06-20 12:37:51,174 INFO  [log] Update unsuccessful
2020-06-20 12:37:51,174 INFO  [log] Update unsuccessful
2020-06-20 12:37:51,176 INFO  [log] Update unsuccessful
2020-06-20 12:37:51,176 INFO  [log] Update unsuccessful
2020-06-20 12:37:51,177 INFO  [log] Update unsuccessful
2020-06-20 12:37:51,178 INFO  [log] Update unsuccessful
2020-06-20 12:37:51,178 INFO  [log] Update unsuccessful
2020-06-20 12:37:51,178 INFO  [log] Update unsuccessful
2020-06-20 12:37:51,179 INFO  [log] Updated Successfully
2020-06-20 12:37:51,179 INFO  [log] Updated Successfully
2020-06-20 12:37:51,180 INFO  [log] Updated Successfully
2020-06-20 12:37:51,180 INFO  [log] Updated Successfully
2020-06-20 12:37:51,181 INFO  [log] Update unsuccessful
2020-06-20 12:37:51,182 INFO  [log] Update unsuccessful
2020-06-20 12:37:51,182 INFO  [log] Update unsuccessful
2020-06-20 12:37:51,182 INFO  [log] Update unsuccessful
2020-06-20 12:37:51,182 INFO  [log] Update unsuccessful
2020-06-20 12:37:51,183 INFO  [log] Update unsuccessful
2020-06-20 12:37:51,183 INFO  [log] Update unsuccessful
2020-06-20 12:37:51,183 INFO  [log] Update unsuccessful
2020-06-20 12:37:51,184 INFO  [log] Update unsuccessful
2020-06-20 12:37:51,185 INFO  [log] Update unsuccessful
2020-06-20 12:37:51,186 INFO  [log] Update unsuccessful
2020-06-20 12:37:51,186 INFO  [log] Update unsuccessful
2020-06-20 12:37:51,188 INFO  [log] Update unsuccessful
2020-06-20 12:37:51,188 INFO  [log] Update unsuccessful
2020-06-20 12:37:51,189 INFO  [log] Update unsuccessful
2020-06-20 12:37:51,189 INFO  [log] Update unsuccessful
2020-06-20 12:37:51,191 INFO  [log] Update unsuccessful
2020-06-20 12:37:51,191 INFO  [log] Update unsuccessful
2020-06-20 12:37:51,193 INFO  [log] Update unsuccessful
2020-06-20 12:37:51,193 INFO  [log] Update unsuccessful
2020-06-20 12:37:51,193 INFO  [log] Update unsuccessful
2020-06-20 12:37:51,194 INFO  [log] Update unsuccessful
2020-06-20 12:37:51,194 INFO  [log] Update unsuccessful
2020-06-20 12:37:51,194 INFO  [log] Update unsuccessful
2020-06-20 12:37:51,195 INFO  [log] Update unsuccessful
2020-06-20 12:37:51,195 INFO  [log] Update unsuccessful
2020-06-20 12:37:51,196 INFO  [log] Update unsuccessful
2020-06-20 12:37:51,196 INFO  [log] Update unsuccessful
2020-06-20 12:37:51,196 INFO  [log] Updated Successfully
2020-06-20 12:37:51,197 INFO  [log] Updated Successfully
2020-06-20 12:37:51,197 INFO  [log] Updated Successfully
2020-06-20 12:37:51,198 INFO  [log] Update unsuccessful
2020-06-20 12:37:51,198 INFO  [log] Update unsuccessful
2020-06-20 12:37:51,198 INFO  [log] Update unsuccessful
2020-06-20 12:37:51,199 INFO  [log] Update unsuccessful
2020-06-20 12:37:51,199 INFO  [log] Update unsuccessful
2020-06-20 12:37:51,199 INFO  [log] Update unsuccessful
2020-06-20 12:37:51,199 INFO  [log] Update unsuccessful
2020-06-20 12:37:51,200 INFO  [log] Update unsuccessful
2020-06-20 12:37:51,200 INFO  [log] Update unsuccessful
2020-06-20 12:37:51,201 INFO  [log] Update unsuccessful
2020-06-20 12:37:51,201 INFO  [log] Update unsuccessful
2020-06-20 12:37:51,202 INFO  [log] Update unsuccessful
2020-06-20 12:37:51,203 INFO  [log] Update unsuccessful
2020-06-20 12:37:51,203 INFO  [log] Update unsuccessful
2020-06-20 12:37:51,203 INFO  [log] Update unsuccessful
2020-06-20 12:37:51,203 INFO  [log] Update unsuccessful
2020-06-20 12:37:51,203 INFO  [log] Update unsuccessful
2020-06-20 12:37:51,203 INFO  [log] Update unsuccessful
2020-06-20 12:37:51,204 INFO  [log] Update unsuccessful
2020-06-20 12:37:51,204 INFO  [log] Update unsuccessful
2020-06-20 12:37:51,205 INFO  [log] Update unsuccessful
2020-06-20 12:37:51,205 INFO  [log] Updated Successfully
2020-06-20 12:37:51,206 INFO  [log] Updated Successfully
2020-06-20 12:37:51,207 INFO  [log] Updated Successfully
2020-06-20 12:37:51,207 INFO  [log] Updated Successfully
2020-06-20 12:37:51,208 INFO  [log] Updated Successfully
2020-06-20 12:37:51,208 INFO  [log] Updated Successfully
2020-06-20 12:37:51,209 INFO  [log] Updated Successfully
2020-06-20 12:37:51,210 INFO  [log] Updated Successfully
2020-06-20 12:37:51,211 INFO  [log] Updated Successfully
2020-06-20 12:37:51,211 INFO  [log] Updated Successfully
2020-06-20 12:37:51,211 INFO  [log] Updated Successfully
2020-06-20 12:37:51,212 INFO  [log] Updated Successfully
2020-06-20 12:37:51,213 INFO  [log] Updated Successfully
2020-06-20 12:37:51,213 INFO  [log] Updated Successfully
2020-06-20 12:37:51,214 INFO  [log] Updated Successfully
2020-06-20 12:37:51,214 INFO  [log] Updated Successfully
2020-06-20 12:37:51,215 INFO  [log] Updated Successfully
2020-06-20 12:37:51,216 INFO  [log] Updated Successfully
2020-06-20 12:37:51,216 INFO  [log] Updated Successfully
2020-06-20 12:37:51,217 INFO  [log] Updated Successfully
2020-06-20 12:37:51,217 INFO  [log] Updated Successfully
2020-06-20 12:37:51,218 INFO  [log] Updated Successfully
2020-06-20 12:37:51,219 INFO  [log] Updated Successfully
2020-06-20 12:37:51,219 INFO  [log] Update unsuccessful
2020-06-20 12:37:51,220 INFO  [log] Update unsuccessful
2020-06-20 12:37:51,220 INFO  [log] Update unsuccessful
2020-06-20 12:37:51,221 INFO  [log] Update unsuccessful
2020-06-20 12:37:51,221 INFO  [log] Update unsuccessful
2020-06-20 12:37:51,223 INFO  [SoapUITestCaseRunner] running step [UpdateProductByQuantity]
2020-06-20 12:37:51,647 INFO  [log] 1457
2020-06-20 12:37:51,654 INFO  [SoapUITestCaseRunner] Assertion [Script Assertion] has status VALID
2020-06-20 12:37:51,655 INFO  [SoapUITestCaseRunner] running step [GetAllproductsAfterUpdate]
2020-06-20 12:38:18,636 INFO  [SchemaUtils] Loading schema types from [http://rest-api.upskills.in.wadl]
2020-06-20 12:38:18,637 INFO  [SchemaUtils] Getting schema http://rest-api.upskills.in.wadl
2020-06-20 12:38:18,857 INFO  [SoapUITestCaseRunner] Assertion [Schema Compliance] has status VALID
2020-06-20 12:38:18,858 INFO  [SoapUITestCaseRunner] Finished running SoapUI testcase [TC_024 Property Transfer_Expansion], time taken: 46699ms, status: FINISHED
2020-06-20 12:38:18,860 INFO  [SoapUITestCaseRunner] Running SoapUI testcase [TC_025]
2020-06-20 12:38:18,861 INFO  [SoapUITestCaseRunner] running step [Data Driven]
2020-06-20 12:38:19,819 INFO  [log]  Total number of rows 3
2020-06-20 12:38:19,819 INFO  [log]  Total number of columns 2
2020-06-20 12:38:19,839 INFO  [log] lenovo 1400
2020-06-20 12:38:19,841 INFO  [log] 200
2020-06-20 12:38:19,849 INFO  [SoapUITestCaseRunner] Running SoapUI testcase [TC_25]
2020-06-20 12:38:19,851 INFO  [SoapUITestCaseRunner] running step [AddNewProduct]
2020-06-20 12:38:24,968 INFO  [SoapUITestCaseRunner] Assertion [JsonPath Match] has status FAILED
2020-06-20 12:38:24,970 ERROR [SoapUITestCaseRunner] ASSERTION FAILED -> Assertion failed for path [success] : IllegalArgumentException:Invalid JSON: <html lang="en-US">
   <head>
      <meta charset="UTF-8"/>
      <meta http-equiv="Content-Type" content="text/html;charset=UTF-8"/>
      <meta name="viewport" content="width=device-width, initial-scale=1, maximum-scale=1"/>
      <title>Waiting for the redirectiron...</title>
      <style type="text/css">body {background-color: #ffffff; font-family: "Helvetica Neue", Helvetica,Arial,sans-serif;}
            html, body {width: 100%; height: 100%; margin: 0; padding: 0;}
            span {color: #878787; font-size: 12pt;  text-align: center;}
            h1 {color: #878787; font-size: 18pt; text-align: center;}
            .link {margin-top: 40px;}
            .sk-circle {margin: 80px auto;width: 100px;height: 100px;position: relative;}
            .sk-circle .sk-child {width: 100%;height: 100%;position: absolute;left: 0;top: 0;}
            .sk-circle .sk-child:before {content: '';display: block;margin: 0 auto;width: 15%;height: 15%;background-color: #666666;border-radius: 100%;-webkit-animation: sk-circleBounceDelay 1.2s infinite ease-in-out both;animation: sk-circleBounceDelay 1.2s infinite ease-in-out both;}
            .sk-circle .sk-circle2 {-webkit-transform: rotate(30deg);-ms-transform: rotate(30deg);transform: rotate(30deg); }
            .sk-circle .sk-circle3 {-webkit-transform: rotate(60deg);-ms-transform: rotate(60deg);transform: rotate(60deg); }
            .sk-circle .sk-circle4 {-webkit-transform: rotate(90deg);-ms-transform: rotate(90deg);transform: rotate(90deg); }
            .sk-circle .sk-circle5 {-webkit-transform: rotate(120deg);-ms-transform: rotate(120deg);transform: rotate(120deg); }
            .sk-circle .sk-circle6 {-webkit-transform: rotate(150deg);-ms-transform: rotate(150deg);transform: rotate(150deg); }
            .sk-circle .sk-circle7 {-webkit-transform: rotate(180deg);-ms-transform: rotate(180deg);transform: rotate(180deg); }
            .sk-circle .sk-circle8 {-webkit-transform: rotate(210deg);-ms-transform: rotate(210deg);transform: rotate(210deg); }
            .sk-circle .sk-circle9 {-webkit-transform: rotate(240deg);-ms-transform: rotate(240deg);transform: rotate(240deg); }
            .sk-circle .sk-circle10 {-webkit-transform: rotate(270deg);-ms-transform: rotate(270deg);transform: rotate(270deg); }
            .sk-circle .sk-circle11 {-webkit-transform: rotate(300deg);-ms-transform: rotate(300deg);transform: rotate(300deg); }
            .sk-circle .sk-circle12 {-webkit-transform: rotate(330deg);-ms-transform: rotate(330deg);transform: rotate(330deg); }
            .sk-circle .sk-circle2:before {-webkit-animation-delay: -1.1s;animation-delay: -1.1s; }
            .sk-circle .sk-circle3:before {-webkit-animation-delay: -1s;animation-delay: -1s; }
            .sk-circle .sk-circle4:before {-webkit-animation-delay: -0.9s;animation-delay: -0.9s; }
            .sk-circle .sk-circle5:before {-webkit-animation-delay: -0.8s;animation-delay: -0.8s; }
            .sk-circle .sk-circle6:before {-webkit-animation-delay: -0.7s;animation-delay: -0.7s; }
            .sk-circle .sk-circle7:before {-webkit-animation-delay: -0.6s;animation-delay: -0.6s; }
            .sk-circle .sk-circle8:before {-webkit-animation-delay: -0.5s;animation-delay: -0.5s; }
            .sk-circle .sk-circle9:before {-webkit-animation-delay: -0.4s;animation-delay: -0.4s; }
            .sk-circle .sk-circle10:before {-webkit-animation-delay: -0.3s;animation-delay: -0.3s; }
            .sk-circle .sk-circle11:before {-webkit-animation-delay: -0.2s;animation-delay: -0.2s; }
            .sk-circle .sk-circle12:before {-webkit-animation-delay: -0.1s;animation-delay: -0.1s; }
            @-webkit-keyframes sk-circleBounceDelay {0%, 80%, 100% {-webkit-transform: scale(0);transform: scale(0);}40% {-webkit-transform: scale(1);transform: scale(1);}}
            @keyframes sk-circleBounceDelay {0%, 80%, 100% {-webkit-transform: scale(0);transform: scale(0);}40% {-webkit-transform: scale(1);transform: scale(1);}}</style>
      <script type="text/javascript">//
            function startCountdown() {
                setInterval(function () {
                    var $secondsElement = document.getElementById('seconds');
                    var seconds = parseInt($secondsElement.innerHTML);
                    if (seconds > 0) {
                        seconds--;
                        $secondsElement.innerHTML = seconds;
                    }
                }, 1000);
            }
            function browserIntegrityCheck() {
                w = window.innerWidth;
                h = window.innerHeight;
                arr = [w, h, Math.floor((Math.random() * 9) + 1)];
                arr.push(arr[0] * arr[1] * arr[2]);
                d = new Date().getTime();
                arr = [];
                b = navigator.appName;
                div1 = document.createElement('div');
                div1.style.display = 'none';
                div2 = document.createElement('div');
                div2.style.display = 'none';
                div3 = document.createElement('div');
                div3.style.display = 'none';
                c = document.getElementById('content');
                c.appendChild(div1);
                div1.appendChild(div2);
                div2.appendChild(div3);
                div1.removeChild(div2);
                r = genRandString();
                if (r.search('asd')) {
                    r.replace('asd', 'bsd');
                }
            }

            function redirect() {
                setTimeout(function () {
                    f = document.getElementById('challenge-form');
                    f.submit();
                }, 4000);
            }
            function genRandString() {
                var text = "";
                var possible = "ABCDEFGHIJKLMNOPQRSTUVWXYZabcdefghijklmnopqrstuvwxyz0123456789";

                for (var i = 0; i &lt; 5; i++)
                    text += possible.charAt(Math.floor(Math.random() * possible.length));

                return text;
            }
            
            (function () {
                var a = function () {
                    try {
                        return !!window.addEventListener
                    } catch (e) {
                        return !1
                    }
                },
                        b = function (b, c) {
                            a() ? document.addEventListener("DOMContentLoaded", b, c) : document.attachEvent("onreadystatechange", b)
                        };
                b(function () {
                    var a = document.getElementById('content').style.display = 'block';

                    setTimeout(startCountdown(), 0);
                    setTimeout(browserIntegrityCheck(), 0);
                    setTimeout(redirect(), 0);


                }, false);
            })();
            //</script>
   </head>
   <body>
      <table width="100%" height="100%" cellpadding="20">
         <tr>
            <td align="center" valign="middle">
               <div>
                  <noscript>
                     <h1 style="color:#990000;">Please, turn Javascript on in your browser then reload the page.</h1>
                  </noscript>
                  <div id="content" style="display:none">
                     <div class="sk-circle">
                        <div class="sk-circle1 sk-child"/>
                        <div class="sk-circle2 sk-child"/>
                        <div class="sk-circle3 sk-child"/>
                        <div class="sk-circle4 sk-child"/>
                        <div class="sk-circle5 sk-child"/>
                        <div class="sk-circle6 sk-child"/>
                        <div class="sk-circle7 sk-child"/>
                        <div class="sk-circle8 sk-child"/>
                        <div class="sk-circle9 sk-child"/>
                        <div class="sk-circle10 sk-child"/>
                        <div class="sk-circle11 sk-child"/>
                        <div class="sk-circle12 sk-child"/>
                     </div>
                     <h1>Accessing http://rest-api.upskills.in/index.php?route=rest%2Fproduct_admin%2Fproducts securely…</h1>
                     <span>
                        This is an automatic process.  Your browser will redirect to your requested content in
                        <span id="seconds">5</span>
                        seconds.
                     </span>
                  </div>
                  <form id="challenge-form" action="/verify.php" method="post">
                     <input type="hidden" name="hash" value="292b1d9174bbaeec545e25b6551125bc38c8047b"/>
                     <input type="hidden" name="origin_url" value="http://rest-api.upskills.in/index.php?route=rest%2Fproduct_admin%2Fproducts"/>
                  </form>
               </div>
               <div class="link">
                  <a href="https://bitninja.io" target="_blank" style="font-size: 12px;">Security check by BitNinja.IO</a>
               </div>
            </td>
         </tr>
      </table>
   </body>
</html>
2020-06-20 12:38:25,026 ERROR [SoapUITestCaseRunner] AddNewProduct failed, exporting to [C:\Users\SumaLavanyaPothuraju\Desktop\Project\my-app\target/surefire-reports\TC_Token_and_Login-TC_25-AddNewProduct-0-FAILED.txt]
2020-06-20 12:38:25,035 INFO  [SoapUITestCaseRunner] Finished running SoapUI testcase [TC_25], time taken: 5079ms, status: FAILED
2020-06-20 12:38:25,035 INFO  [log] Status : FAILED, time taken for testcase is 5079 ms
2020-06-20 12:38:25,056 INFO  [log] number of tets steps executed are : 1
2020-06-20 12:38:25,068 INFO  [log] lenovo 1500
2020-06-20 12:38:25,069 INFO  [log] 300
2020-06-20 12:38:25,070 INFO  [SoapUITestCaseRunner] Running SoapUI testcase [TC_25]
2020-06-20 12:38:25,071 INFO  [SoapUITestCaseRunner] running step [AddNewProduct]
2020-06-20 12:38:26,866 INFO  [SoapUITestCaseRunner] Assertion [JsonPath Match] has status VALID
2020-06-20 12:38:27,158 INFO  [SoapUITestCaseRunner] running step [StoreId]
2020-06-20 12:38:27,365 INFO  [log] 1458
2020-06-20 12:38:27,621 INFO  [SoapUITestCaseRunner] running step [GetProductById]
2020-06-20 12:38:28,103 INFO  [SoapUITestCaseRunner] Assertion [JsonPath Match] has status VALID
2020-06-20 12:38:28,104 INFO  [SoapUITestCaseRunner] Assertion [Invalid HTTP Status Codes] has status VALID
2020-06-20 12:38:28,106 INFO  [SoapUITestCaseRunner] running step [Delete]
2020-06-20 12:38:28,474 INFO  [SoapUITestCaseRunner] Assertion [JsonPath Match] has status VALID
2020-06-20 12:38:28,483 INFO  [SoapUITestCaseRunner] running step [GetProductById_2]
2020-06-20 12:38:29,006 INFO  [SoapUITestCaseRunner] Assertion [Valid HTTP Status Codes] has status VALID
2020-06-20 12:38:29,011 INFO  [SoapUITestCaseRunner] Finished running SoapUI testcase [TC_25], time taken: 3449ms, status: FINISHED
2020-06-20 12:38:29,118 INFO  [log] Status : FINISHED, time taken for testcase is 3449 ms
2020-06-20 12:38:29,148 INFO  [log] number of tets steps executed are : 5
2020-06-20 12:38:29,155 INFO  [log] 6
2020-06-20 12:38:29,161 INFO  [SoapUITestCaseRunner] Finished running SoapUI testcase [TC_025], time taken: 10298ms, status: FINISHED
2020-06-20 12:38:29,229 INFO  [SoapUITestCaseRunner] Running SoapUI testcase [TC_25]
2020-06-20 12:38:29,377 INFO  [SoapUITestCaseRunner] running step [AddNewProduct]
2020-06-20 12:38:29,737 INFO  [SoapUITestCaseRunner] Assertion [JsonPath Match] has status VALID
2020-06-20 12:38:29,738 INFO  [SoapUITestCaseRunner] running step [StoreId]
2020-06-20 12:38:29,739 INFO  [log] 1459
2020-06-20 12:38:29,741 INFO  [SoapUITestCaseRunner] running step [GetProductById]
2020-06-20 12:38:30,156 INFO  [SoapUITestCaseRunner] Assertion [JsonPath Match] has status VALID
2020-06-20 12:38:30,200 INFO  [SoapUITestCaseRunner] Assertion [Invalid HTTP Status Codes] has status VALID
2020-06-20 12:38:30,208 INFO  [SoapUITestCaseRunner] running step [Delete]
2020-06-20 12:38:30,616 INFO  [SoapUITestCaseRunner] Assertion [JsonPath Match] has status VALID
2020-06-20 12:38:30,637 INFO  [SoapUITestCaseRunner] running step [GetProductById_2]
2020-06-20 12:38:35,991 INFO  [SoapUITestCaseRunner] Assertion [Valid HTTP Status Codes] has status VALID
2020-06-20 12:38:36,005 INFO  [SoapUITestCaseRunner] Finished running SoapUI testcase [TC_25], time taken: 6398ms, status: FINISHED
2020-06-20 12:38:36,014 INFO  [SoapUITestCaseRunner] Running SoapUI testcase [TC26_Database connect]
2020-06-20 12:38:36,024 INFO  [SoapUITestCaseRunner] running step [Database]
2020-06-20 12:38:36,603 INFO  [SoapUITestCaseRunner] Running SoapUI testcase [TC26]
2020-06-20 12:38:36,604 INFO  [SoapUITestCaseRunner] running step [AddCategory]
2020-06-20 12:38:36,972 INFO  [SoapUITestCaseRunner] Assertion [Valid HTTP Status Codes] has status VALID
2020-06-20 12:38:36,972 INFO  [SoapUITestCaseRunner] Assertion [JsonPath Match] has status VALID
2020-06-20 12:38:36,975 INFO  [SoapUITestCaseRunner] running step [AddProduct]
2020-06-20 12:38:37,336 INFO  [SoapUITestCaseRunner] Assertion [Valid HTTP Status Codes] has status UNKNOWN
2020-06-20 12:38:37,336 INFO  [SoapUITestCaseRunner] running step [DeleteProductById]
2020-06-20 12:38:59,282 INFO  [SoapUITestCaseRunner] Assertion [Contains] has status VALID
2020-06-20 12:38:59,283 INFO  [SoapUITestCaseRunner] running step [DeleteCategoryById]
2020-06-20 12:38:59,692 INFO  [SoapUITestCaseRunner] Assertion [Invalid HTTP Status Codes] has status VALID
2020-06-20 12:38:59,693 INFO  [SoapUITestCaseRunner] Assertion [JsonPath Match] has status VALID
2020-06-20 12:38:59,695 INFO  [SoapUITestCaseRunner] Finished running SoapUI testcase [TC26], time taken: 22685ms, status: FINISHED
2020-06-20 12:38:59,697 INFO  [SoapUITestCaseRunner] Running SoapUI testcase [TC26]
2020-06-20 12:38:59,698 INFO  [SoapUITestCaseRunner] running step [AddCategory]
2020-06-20 12:39:00,074 INFO  [SoapUITestCaseRunner] Assertion [Valid HTTP Status Codes] has status VALID
2020-06-20 12:39:00,086 INFO  [SoapUITestCaseRunner] Assertion [JsonPath Match] has status VALID
2020-06-20 12:39:00,087 INFO  [SoapUITestCaseRunner] running step [AddProduct]
2020-06-20 12:39:00,458 INFO  [SoapUITestCaseRunner] Assertion [Valid HTTP Status Codes] has status UNKNOWN
2020-06-20 12:39:00,458 INFO  [SoapUITestCaseRunner] running step [DeleteProductById]
2020-06-20 12:39:23,220 INFO  [SoapUITestCaseRunner] Assertion [Contains] has status VALID
2020-06-20 12:39:23,223 INFO  [SoapUITestCaseRunner] running step [DeleteCategoryById]
2020-06-20 12:39:23,600 INFO  [SoapUITestCaseRunner] Assertion [Invalid HTTP Status Codes] has status VALID
2020-06-20 12:39:23,601 INFO  [SoapUITestCaseRunner] Assertion [JsonPath Match] has status VALID
2020-06-20 12:39:23,603 INFO  [SoapUITestCaseRunner] Finished running SoapUI testcase [TC26], time taken: 23512ms, status: FINISHED
2020-06-20 12:39:23,607 INFO  [SoapUITestCaseRunner] Running SoapUI testcase [TC26]
2020-06-20 12:39:23,609 INFO  [SoapUITestCaseRunner] running step [AddCategory]
2020-06-20 12:39:23,994 INFO  [SoapUITestCaseRunner] Assertion [Valid HTTP Status Codes] has status VALID
2020-06-20 12:39:23,995 INFO  [SoapUITestCaseRunner] Assertion [JsonPath Match] has status VALID
2020-06-20 12:39:23,997 INFO  [SoapUITestCaseRunner] running step [AddProduct]
2020-06-20 12:39:24,372 INFO  [SoapUITestCaseRunner] Assertion [Valid HTTP Status Codes] has status UNKNOWN
2020-06-20 12:39:24,372 INFO  [SoapUITestCaseRunner] running step [DeleteProductById]
2020-06-20 12:39:38,894 INFO  [SoapUITestCaseRunner] Assertion [Contains] has status VALID
2020-06-20 12:39:38,896 INFO  [SoapUITestCaseRunner] running step [DeleteCategoryById]
2020-06-20 12:39:39,265 INFO  [SoapUITestCaseRunner] Assertion [Invalid HTTP Status Codes] has status VALID
2020-06-20 12:39:39,266 INFO  [SoapUITestCaseRunner] Assertion [JsonPath Match] has status VALID
2020-06-20 12:39:39,267 INFO  [SoapUITestCaseRunner] Finished running SoapUI testcase [TC26], time taken: 15265ms, status: FINISHED
2020-06-20 12:39:39,278 INFO  [SoapUITestCaseRunner] Finished running SoapUI testcase [TC26_Database connect], time taken: 63226ms, status: FINISHED
2020-06-20 12:39:39,280 INFO  [SoapUITestCaseRunner] Running SoapUI testcase [TC26]
2020-06-20 12:39:39,281 INFO  [SoapUITestCaseRunner] running step [AddCategory]
2020-06-20 12:39:39,680 INFO  [SoapUITestCaseRunner] Assertion [Valid HTTP Status Codes] has status VALID
2020-06-20 12:39:39,680 INFO  [SoapUITestCaseRunner] Assertion [JsonPath Match] has status VALID
2020-06-20 12:39:39,681 INFO  [SoapUITestCaseRunner] running step [AddProduct]
2020-06-20 12:39:40,640 INFO  [SoapUITestCaseRunner] Assertion [Valid HTTP Status Codes] has status UNKNOWN
2020-06-20 12:39:40,643 INFO  [SoapUITestCaseRunner] running step [DeleteProductById]
2020-06-20 12:40:02,148 INFO  [SoapUITestCaseRunner] Assertion [Contains] has status VALID
2020-06-20 12:40:10,497 INFO  [SoapUITestCaseRunner] running step [DeleteCategoryById]
2020-06-20 12:40:11,450 INFO  [SoapUITestCaseRunner] Assertion [Invalid HTTP Status Codes] has status VALID
2020-06-20 12:40:11,450 INFO  [SoapUITestCaseRunner] Assertion [JsonPath Match] has status VALID
2020-06-20 12:40:11,451 INFO  [SoapUITestCaseRunner] Finished running SoapUI testcase [TC26], time taken: 23610ms, status: FINISHED
2020-06-20 12:40:11,455 INFO  [SoapUITestCaseRunner] Running SoapUI testcase [Logout]
2020-06-20 12:40:11,455 INFO  [SoapUITestCaseRunner] running step [Logout]
2020-06-20 12:40:12,125 INFO  [log] HTTP status code: 200
2020-06-20 12:40:12,126 INFO  [SoapUITestCaseRunner] Assertion [Script Assertion] has status VALID
2020-06-20 12:40:12,126 INFO  [SoapUITestCaseRunner] Assertion [JsonPath Existence Match] has status UNKNOWN
2020-06-20 12:40:12,127 INFO  [SoapUITestCaseRunner] Finished running SoapUI testcase [Logout], time taken: 561ms, status: FINISHED
2020-06-20 12:40:12,143 INFO  [SoapUITestCaseRunner] Running SoapUI testcase [ReportingUtility]
2020-06-20 12:40:12,147 INFO  [SoapUITestCaseRunner] running step [CSV Report]
2020-06-20 12:40:12,282 INFO  [SoapUITestCaseRunner] Finished running SoapUI testcase [ReportingUtility], time taken: 134ms, status: FINISHED
2020-06-20 12:40:12,283 INFO  [SoapUITestCaseRunner] Project [REST Project] finished with status [FINISHED] in 165816ms
2020-06-20 12:40:18,722 WARN  [Tools] Could not delete temporary directory C:\Users\SUMALA~1\AppData\Local\Temp\10873852-8929-455c-9e58-0fc5193e9f3f
2020-06-20 12:40:18,725 WARN  [Tools] Could not delete temporary directory C:\Users\SUMALA~1\AppData\Local\Temp\7668bc62-b62b-426f-a972-e0b41cb6ebd0
